[2026-04-20 09:00] 自動デプロイ開始
SKIP (exists): best-ai-tools-amazon-sellers-2026
SKIP (exists): helium10-review-2026
SKIP (exists): jungle-scout-vs-helium10
SKIP (exists): ai-keyword-research-amazon
SKIP (exists): ai-product-research-tools

Done — success:0 skip:5 fail:0
SKIP (exists): amazon-ai-tools-2026
SKIP (exists): helium10-review
SKIP (exists): jungle-scout-vs-helium10
SKIP (exists): ai-keyword-research
SKIP (exists): ai-product-research

Done — success:0 skip:5 fail:0
[main 5049eb4] chore: auto-deploy 2026-04-20
 Committer: Shoichi Onizuka <shoichionizuka@MacBook-Air-5.local>
Your name and email address were configured automatically based
on your username and hostname. Please check that they are accurate.
You can suppress this message by setting them explicitly:

    git config --global user.name "Your Name"
    git config --global user.email you@example.com

After doing this, you may fix the identity used for this commit with:

    git commit --amend --reset-author

 3 files changed, 287 insertions(+)
 create mode 100644 pipeline/affiliate_applications.md
 create mode 100644 pipeline/deploy.log
 create mode 100644 pipeline/deploy_error.log
[2026-04-20 09:00] 完了
[2026-04-23 09:00] 自動デプロイ開始
SKIP (exists): best-ai-tools-amazon-sellers-2026
SKIP (exists): helium10-review-2026
SKIP (exists): jungle-scout-vs-helium10
SKIP (exists): ai-keyword-research-amazon
SKIP (exists): ai-product-research-tools

Done — success:0 skip:5 fail:0
SKIP (exists): amazon-ai-tools-2026
SKIP (exists): helium10-review
SKIP (exists): jungle-scout-vs-helium10
SKIP (exists): ai-keyword-research
SKIP (exists): ai-product-research

Done — success:0 skip:5 fail:0
[main 4c3e6ff] chore: auto-deploy 2026-04-23
 Committer: Shoichi Onizuka <shoichionizuka@MacBook-Air-5.local>
Your name and email address were configured automatically based
on your username and hostname. Please check that they are accurate.
You can suppress this message by setting them explicitly:

    git config --global user.name "Your Name"
    git config --global user.email you@example.com

After doing this, you may fix the identity used for this commit with:

    git commit --amend --reset-author

 2 files changed, 36 insertions(+)
[2026-04-23 09:00] 完了
[2026-04-27 09:00] 自動デプロイ開始
SKIP (exists): best-ai-tools-amazon-sellers-2026
SKIP (exists): helium10-review-2026
SKIP (exists): jungle-scout-vs-helium10
SKIP (exists): ai-keyword-research-amazon
SKIP (exists): ai-product-research-tools

Done — success:0 skip:5 fail:0
SKIP (exists): amazon-ai-tools-2026
SKIP (exists): helium10-review
SKIP (exists): jungle-scout-vs-helium10
SKIP (exists): ai-keyword-research
SKIP (exists): ai-product-research

Done — success:0 skip:5 fail:0
