To https://github.com/smkrrry-blip/ai-seller-tools.git
   7797e63..5049eb4  main -> main
Everything up-to-date
To https://github.com/smkrrry-blip/ai-seller-tools.git
   5049eb4..4c3e6ff  main -> main
Everything up-to-date
To https://github.com/smkrrry-blip/ai-seller-tools.git
   4c3e6ff..a0ec2d5  main -> main
Everything up-to-date
To https://github.com/smkrrry-blip/ai-seller-tools.git
   a0ec2d5..99b30ad  main -> main
Everything up-to-date
To https://github.com/smkrrry-blip/ai-seller-tools.git
   99b30ad..744107f  main -> main
To https://github.com/smkrrry-blip/ai-seller-jp.git
   9e3f922..77cca74  main -> main
To https://github.com/smkrrry-blip/ai-seller-tools.git
   744107f..41b0806  main -> main
Everything up-to-date
To https://github.com/smkrrry-blip/ai-seller-tools.git
   41b0806..86a867e  main -> main
Everything up-to-date
To https://github.com/smkrrry-blip/ai-seller-tools.git
   86a867e..8b2e917  main -> main
Everything up-to-date
To https://github.com/smkrrry-blip/ai-seller-tools.git
   8b2e917..a392584  main -> main
Everything up-to-date
To https://github.com/smkrrry-blip/ai-seller-tools.git
   a392584..37b5692  main -> main
Everything up-to-date
fatal: unable to access 'https://github.com/smkrrry-blip/ai-seller-tools.git/': Could not resolve host: github.com
